<?xml version="1.0" encoding="UTF-8"?>
<testsuite name="autotests.tests.crud.DeleteTest" time="0.0" tests="2" errors="0" skipped="0" failures="0">
    <testcase name="DeleteTest.deleteExist" classname="autotests.tests.crud.DeleteTest" time="0.0"/>
    <testcase name="DeleteTest.deleteExist" classname="autotests.tests.crud.DeleteTest" time="0.0"/>
</testsuite>